${HOME}|.zshrc .p10k.zsh|zsh oh-my-zsh-git zsh-theme-powerlevel10k-git pokemon-colorscripts-git
${HOME}/.config|arkrc|ark
${HOME}/.config|btop|btop
${HOME}/.config/Code/User|settings.json|visual-studio-code-bin
${HOME}/.config|dolphinrc kdeglobals|dolphin
${HOME}/.config|dunst|dunst
${HOME}/.config/hypr|animations.conf hyprland.conf keybindings.conf windowrules.conf monitors.conf userprefs.conf scripts themes wallbash|hyprland
${HOME}/.config|kitty|kitty
${HOME}/.config|Kvantum|kvantum
${HOME}/.config|MangoHud|mangohud
${HOME}/.config|neofetch|neofetch
${HOME}/.config|qt5ct|qt5ct
${HOME}/.config|rofi|rofi
${HOME}/.config|swaylock|swaylock-effects
${HOME}/.config|swww|swww
${HOME}/.config|waybar|waybar
${HOME}/.config|wlogout|wlogout
${HOME}/.config|nwg-look gtk-3.0 xsettingsd|nwg-look
${HOME}/.config|mimeapps.list|xdg-utils
${HOME}/.icons|default|nwg-look
${HOME}|.gtkrc-2.0|nwg-look
${HOME}/.local/share|dolphin|dolphin
${HOME}/.local/share/kxmlgui5|dolphin|dolphin
${HOME}/.local/share|konsole|konsole